<?xml version="1.0" encoding="UTF-8"?>
<!-- Generated by org.testng.reporters.JUnitReportReporter -->
<testsuite hostname="lap_aalshi" failures="0" tests="1" name="com.TestForConFigureMaster.ItemTest" time="35.626" errors="0" timestamp="2024-01-23T12:15:22 IST" skipped="0">
  <testcase classname="com.TestForConFigureMaster.ItemTest" name="VerifyItemMasterForm" time="35.626"/>
  <system-out/>
</testsuite> <!-- com.TestForConFigureMaster.ItemTest -->
