<?xml version="1.0" encoding="UTF-8"?>
<!-- Generated by org.testng.reporters.JUnitReportReporter -->
<testsuite hostname="lap_aalshi" failures="0" tests="1" name="com.TestForAccount_Masters.SheduleMasterTest" time="3.587" errors="0" timestamp="2024-01-17T10:34:22 IST" skipped="0">
  <testcase classname="com.TestForAccount_Masters.SheduleMasterTest" name="VerifyGateEntryForm" time="3.587"/>
  <system-out/>
</testsuite> <!-- com.TestForAccount_Masters.SheduleMasterTest -->
