<?xml version="1.0" encoding="UTF-8"?>
<!-- Generated by org.testng.reporters.JUnitReportReporter -->
<testsuite hostname="lap_aalshi" failures="0" tests="1" name="com.AdminTest.DesignationsTest" time="4.951" errors="0" timestamp="2024-01-11T11:42:21 IST" skipped="0">
  <testcase classname="com.AdminTest.DesignationsTest" name="VerifyDesignationsForm" time="4.951"/>
  <system-out/>
</testsuite> <!-- com.AdminTest.DesignationsTest -->
