<?xml version="1.0" encoding="UTF-8"?>
<!-- Generated by org.testng.reporters.JUnitReportReporter -->
<testsuite hostname="lap_aalshi" failures="0" tests="1" name="com.TestcaseForStrore.GateEntryTest" time="8.883" errors="0" timestamp="2024-02-01T10:33:58 IST" skipped="0">
  <testcase classname="com.TestcaseForStrore.GateEntryTest" name="VerifyGateEntryForm" time="8.883"/>
  <system-out/>
</testsuite> <!-- com.TestcaseForStrore.GateEntryTest -->
