<?xml version="1.0" encoding="UTF-8"?>
<!-- Generated by org.testng.reporters.JUnitReportReporter -->
<testsuite hostname="lap_aalshi" failures="0" tests="1" name="com.TestForAccount_Masters.AccountMasterTest" time="9.921" errors="0" timestamp="2024-01-17T15:50:09 IST" skipped="0">
  <testcase classname="com.TestForAccount_Masters.AccountMasterTest" name="VerifyAccountMasterTestForm" time="9.921"/>
  <system-out/>
</testsuite> <!-- com.TestForAccount_Masters.AccountMasterTest -->
