<?xml version="1.0" encoding="UTF-8"?>
<!-- Generated by org.testng.reporters.JUnitReportReporter -->
<testsuite hostname="lap_aalshi" failures="0" tests="1" name="com.AdminTest.DepartmentTest" time="4.821" errors="0" timestamp="2024-01-11T11:41:04 IST" skipped="0">
  <testcase classname="com.AdminTest.DepartmentTest" name="VerifyDepartmentForm" time="4.821"/>
  <system-out/>
</testsuite> <!-- com.AdminTest.DepartmentTest -->
