<?xml version="1.0" encoding="UTF-8"?>
<!-- Generated by org.testng.reporters.JUnitReportReporter -->
<testsuite hostname="lap_aalshi" failures="0" tests="1" name="com.TestForAccount_Masters.AccountingGroupTest" time="4.029" errors="0" timestamp="2024-01-17T10:46:24 IST" skipped="0">
  <testcase classname="com.TestForAccount_Masters.AccountingGroupTest" name="VerifyAccountingGroupTestForm" time="4.029"/>
  <system-out/>
</testsuite> <!-- com.TestForAccount_Masters.AccountingGroupTest -->
