<?xml version="1.0" encoding="UTF-8"?>
<!-- Generated by org.testng.reporters.JUnitReportReporter -->
<testsuite hostname="HP-840G3-001" failures="0" tests="1" name="TestForPurchase.QuataionEntryTest" time="0.001" errors="0" timestamp="2023-12-27T11:36:14 IST" skipped="1">
  <testcase classname="TestForPurchase.QuataionEntryTest" name="VerifyUsreMasterForm" time="0.001">
    <skipped/>
  </testcase> <!-- VerifyUsreMasterForm -->
  <system-out/>
</testsuite> <!-- TestForPurchase.QuataionEntryTest -->
