<?xml version="1.0" encoding="UTF-8"?>
<!-- Generated by org.testng.reporters.JUnitReportReporter -->
<testsuite hostname="lap_aalshi" failures="0" tests="1" name="com.TestForAccount_Masters.CostCenterTest" time="3.072" errors="0" timestamp="2024-01-17T16:16:31 IST" skipped="0">
  <testcase classname="com.TestForAccount_Masters.CostCenterTest" name="VerifyAccountingGroupTestForm" time="3.072"/>
  <system-out/>
</testsuite> <!-- com.TestForAccount_Masters.CostCenterTest -->
