<?xml version="1.0" encoding="UTF-8"?>
<!-- Generated by org.testng.reporters.JUnitReportReporter -->
<testsuite hostname="lap_aalshi" failures="0" tests="1" name="com.TestcaseForStrore.GoodReceiptNoteTest" time="36.071" errors="0" timestamp="2024-01-05T10:55:45 IST" skipped="0">
  <testcase classname="com.TestcaseForStrore.GoodReceiptNoteTest" name="VerifyGoodReceiptNoteForm" time="36.071"/>
  <system-out/>
</testsuite> <!-- com.TestcaseForStrore.GoodReceiptNoteTest -->
