<?xml version="1.0" encoding="UTF-8"?>
<!-- Generated by org.testng.reporters.JUnitReportReporter -->
<testsuite hostname="lap_aalshi" failures="0" tests="3" name="com.TestForConFigureMaster.VerifyPartyMasterTest" time="0.000" errors="0" timestamp="2024-01-23T10:18:40 IST" skipped="3">
  <testcase classname="com.TestForConFigureMaster.VerifyPartyMasterTest" name="Toverifypartytype" time="0.000">
    <skipped/>
  </testcase> <!-- Toverifypartytype -->
  <system-out/>
  <testcase classname="com.TestForConFigureMaster.VerifyPartyMasterTest" name="VerifyPartyCodeFeild" time="0.000">
    <skipped/>
  </testcase> <!-- VerifyPartyCodeFeild -->
  <system-out/>
  <testcase classname="com.TestForConFigureMaster.VerifyPartyMasterTest" name="VerifyNameField" time="0.000">
    <skipped/>
  </testcase> <!-- VerifyNameField -->
  <system-out/>
</testsuite> <!-- com.TestForConFigureMaster.VerifyPartyMasterTest -->
