<?xml version="1.0" encoding="UTF-8"?>
<!-- Generated by org.testng.reporters.JUnitReportReporter -->
<testsuite hostname="lap_aalshi" failures="0" tests="1" name="TestForPurchase.PurchaseReturnTest" time="8.955" errors="0" timestamp="2024-01-31T16:16:37 IST" skipped="0">
  <testcase classname="TestForPurchase.PurchaseReturnTest" name="VerifyPurchaseReturnForm" time="8.955"/>
  <system-out/>
</testsuite> <!-- TestForPurchase.PurchaseReturnTest -->
