<?xml version="1.0" encoding="UTF-8"?>
<!-- Generated by org.testng.reporters.JUnitReportReporter -->
<testsuite hostname="lap_aalshi" failures="0" tests="1" name="com.TestcaseForStrore.GoodsReceiptNoteInspectionTest" time="18.502" errors="0" timestamp="2024-02-01T15:40:13 IST" skipped="0">
  <testcase classname="com.TestcaseForStrore.GoodsReceiptNoteInspectionTest" name="VerifyGoodsReceiptNoteInspection" time="18.502"/>
  <system-out/>
</testsuite> <!-- com.TestcaseForStrore.GoodsReceiptNoteInspectionTest -->
