<?xml version="1.0" encoding="UTF-8"?>
<!-- Generated by org.testng.reporters.JUnitReportReporter -->
<testsuite hostname="lap_aalshi" failures="0" tests="1" name="com.TestForConFigureMaster.ItemTest1" time="0.000" errors="0" timestamp="2024-01-23T10:18:40 IST" skipped="1">
  <testcase classname="com.TestForConFigureMaster.ItemTest1" name="VerifyItemMasterForm" time="0.000">
    <skipped/>
  </testcase> <!-- VerifyItemMasterForm -->
  <system-out/>
</testsuite> <!-- com.TestForConFigureMaster.ItemTest1 -->
